<?xml version="1.0" encoding="UTF-8"?>
<!-- Generated by org.testng.reporters.JUnitReportReporter -->
<testsuite hostname="KanishkaPrabhu" failures="0" tests="1" name="com.salesforce.automation.SalesforceLeads" time="21.215" errors="0" timestamp="2024-02-21T21:36:35 EST" skipped="0">
  <testcase classname="com.salesforce.automation.SalesforceLeads" name="leads1" time="21.215"/>
</testsuite> <!-- com.salesforce.automation.SalesforceLeads -->
